  sphere.cpp
D:\Programming\MPM-Optimization\src\vdb.h(101): warning C4244: '=': conversion from 'SOCKET' to 'int', possible loss of data
D:\Programming\MPM-Optimization\src\vdb.h(125): warning C4267: 'argument': conversion from 'size_t' to 'int', possible loss of data
D:\Programming\MPM-Optimization\src\sphere.cpp(39): warning C4244: 'argument': conversion from 'double' to 'float', possible loss of data
D:\Programming\MPM-Optimization\src\sphere.cpp(43): warning C4244: 'argument': conversion from 'double' to 'float', possible loss of data
D:\Programming\MPM-Optimization\deps\cppoptlib\include\cppoptlib/solver/lbfgssolver.h(35): warning C4244: 'initializing': conversion from 'Eigen::EigenBase<Derived>::Index' to 'int', possible loss of data
          with
          [
              Derived=Eigen::Matrix<double,-1,1,0,-1,1>
          ]
  D:\Programming\MPM-Optimization\deps\cppoptlib\include\cppoptlib/solver/lbfgssolver.h(31): note: while compiling class template member function 'void cppoptlib::lbfgssolver<double>::minimize(cppoptlib::Problem<double> &,Eigen::Matrix<double,-1,1,0,-1,1> &)'
  d:\programming\mpm-optimization\src\Solver.hpp(58): note: see reference to class template instantiation 'cppoptlib::lbfgssolver<double>' being compiled
D:\Programming\MPM-Optimization\deps\cppoptlib\include\cppoptlib/solver/lbfgssolver.h(52): warning C4267: 'initializing': conversion from 'size_t' to 'int', possible loss of data
d:\programming\mpm-optimization\deps\cppoptlib\include\cppoptlib\solver\../problem.h(128): warning C4244: 'initializing': conversion from 'Eigen::EigenBase<Derived>::Index' to 'int', possible loss of data
          with
          [
              Derived=Eigen::Matrix<double,-1,1,0,-1,1>
          ]
  d:\programming\mpm-optimization\deps\cppoptlib\include\cppoptlib\solver\../problem.h(125): note: while compiling class template member function 'bool cppoptlib::Problem<double>::checkHessian(const Eigen::Matrix<double,-1,1,0,-1,1> &,int)'
  d:\programming\mpm-optimization\src\Solver.hpp(33): note: see reference to class template instantiation 'cppoptlib::Problem<double>' being compiled
d:\programming\mpm-optimization\deps\cppoptlib\include\cppoptlib\solver\../problem.h(128): warning C4244: 'initializing': conversion from 'Eigen::EigenBase<Derived>::Index' to 'const int', possible loss of data
          with
          [
              Derived=Eigen::Matrix<double,-1,1,0,-1,1>
          ]
d:\programming\mpm-optimization\deps\cppoptlib\include\cppoptlib\solver\../problem.h(107): warning C4244: 'initializing': conversion from 'Eigen::EigenBase<Derived>::Index' to 'int', possible loss of data
          with
          [
              Derived=Eigen::Matrix<double,-1,1,0,-1,1>
          ]
  d:\programming\mpm-optimization\deps\cppoptlib\include\cppoptlib\solver\../problem.h(104): note: while compiling class template member function 'bool cppoptlib::Problem<double>::checkGradient(const Eigen::Matrix<double,-1,1,0,-1,1> &,int)'
d:\programming\mpm-optimization\deps\cppoptlib\include\cppoptlib\solver\../problem.h(107): warning C4244: 'initializing': conversion from 'Eigen::EigenBase<Derived>::Index' to 'const int', possible loss of data
          with
          [
              Derived=Eigen::Matrix<double,-1,1,0,-1,1>
          ]
  sphere.vcxproj -> D:\Programming\MPM-Optimization\build\Release\sphere.exe
